This is pdfTeX, Version 3.14159265-2.6-1.40.21 (MiKTeX 21.1) (preloaded format=pdflatex 2021.1.25)  30 APR 2021 10:46
entering extended mode
**./Reaction_List.tex
(Reaction_List.tex
LaTeX2e <2020-10-01> patch level 4
L3 programming layer <2021-01-09> xparse <2020-03-03>
(C:\Users\Robin\AppData\Local\Programs\MiKTeX\tex/latex/base\article.cls
Document Class: article 2020/04/10 v1.4m Standard LaTeX document class
(C:\Users\Robin\AppData\Local\Programs\MiKTeX\tex/latex/base\size10.clo
File: size10.clo 2020/04/10 v1.4m Standard LaTeX file (size option)
)
\c@part=\count177
\c@section=\count178
\c@subsection=\count179
\c@subsubsection=\count180
\c@paragraph=\count181
\c@subparagraph=\count182
\c@figure=\count183
\c@table=\count184
\abovecaptionskip=\skip47
\belowcaptionskip=\skip48
\bibindent=\dimen138
)
(C:\Users\Robin\AppData\Local\Programs\MiKTeX\tex/latex/glossaries/base\glossar
ies.sty
Package: glossaries 2020/03/19 v4.46 (NLCT)
 (C:\Users\Robin\AppData\Local\Programs\MiKTeX\tex/latex/base\ifthen.sty
Package: ifthen 2014/09/29 v1.1c Standard LaTeX ifthen package (DPC)
) (C:\Users\Robin\AppData\Local\Programs\MiKTeX\tex/latex/xkeyval\xkeyval.sty
Package: xkeyval 2020/11/20 v2.8 package option processing (HA)

(C:\Users\Robin\AppData\Local\Programs\MiKTeX\tex/generic/xkeyval\xkeyval.tex
(C:\Users\Robin\AppData\Local\Programs\MiKTeX\tex/generic/xkeyval\xkvutils.tex
\XKV@toks=\toks15
\XKV@tempa@toks=\toks16

(C:\Users\Robin\AppData\Local\Programs\MiKTeX\tex/generic/xkeyval\keyval.tex))
\XKV@depth=\count185
File: xkeyval.tex 2014/12/03 v2.7a key=value parser (HA)
)) (C:\Users\Robin\AppData\Local\Programs\MiKTeX\tex/latex/mfirstuc\mfirstuc.st
y
Package: mfirstuc 2017/11/14 v2.06 (NLCT)
(C:\Users\Robin\AppData\Local\Programs\MiKTeX\tex/latex/etoolbox\etoolbox.sty
Package: etoolbox 2020/10/05 v2.5k e-TeX tools for LaTeX (JAW)
\etb@tempcnta=\count186
)
\@glsmfirst=\toks17
\@glsmrest=\toks18
) (C:\Users\Robin\AppData\Local\Programs\MiKTeX\tex/latex/textcase\textcase.sty
Package: textcase 2019/09/14 v1.00 Text only upper/lower case changing (DPC)
) (C:\Users\Robin\AppData\Local\Programs\MiKTeX\tex/latex/xfor\xfor.sty
Package: xfor 2009/02/05 v1.05 (NLCT)
)
(C:\Users\Robin\AppData\Local\Programs\MiKTeX\tex/latex/datatool\datatool-base.
sty
Package: datatool-base 2019/09/27 v2.32 (NLCT)
 (C:\Users\Robin\AppData\Local\Programs\MiKTeX\tex/latex/amsmath\amsmath.sty
Package: amsmath 2020/09/23 v2.17i AMS math features
\@mathmargin=\skip49
For additional information on amsmath, use the `?' option.
(C:\Users\Robin\AppData\Local\Programs\MiKTeX\tex/latex/amsmath\amstext.sty
Package: amstext 2000/06/29 v2.01 AMS text

(C:\Users\Robin\AppData\Local\Programs\MiKTeX\tex/latex/amsmath\amsgen.sty
File: amsgen.sty 1999/11/30 v2.0 generic functions
\@emptytoks=\toks19
\ex@=\dimen139
))
(C:\Users\Robin\AppData\Local\Programs\MiKTeX\tex/latex/amsmath\amsbsy.sty
Package: amsbsy 1999/11/29 v1.2d Bold Symbols
\pmbraise@=\dimen140
)
(C:\Users\Robin\AppData\Local\Programs\MiKTeX\tex/latex/amsmath\amsopn.sty
Package: amsopn 2016/03/08 v2.02 operator names
)
\inf@bad=\count187
LaTeX Info: Redefining \frac on input line 234.
\uproot@=\count188
\leftroot@=\count189
LaTeX Info: Redefining \overline on input line 399.
\classnum@=\count190
\DOTSCASE@=\count191
LaTeX Info: Redefining \ldots on input line 496.
LaTeX Info: Redefining \dots on input line 499.
LaTeX Info: Redefining \cdots on input line 620.
\Mathstrutbox@=\box47
\strutbox@=\box48
\big@size=\dimen141
LaTeX Font Info:    Redeclaring font encoding OML on input line 743.
LaTeX Font Info:    Redeclaring font encoding OMS on input line 744.
\macc@depth=\count192
\c@MaxMatrixCols=\count193
\dotsspace@=\muskip16
\c@parentequation=\count194
\dspbrk@lvl=\count195
\tag@help=\toks20
\row@=\count196
\column@=\count197
\maxfields@=\count198
\andhelp@=\toks21
\eqnshift@=\dimen142
\alignsep@=\dimen143
\tagshift@=\dimen144
\tagwidth@=\dimen145
\totwidth@=\dimen146
\lineht@=\dimen147
\@envbody=\toks22
\multlinegap=\skip50
\multlinetaggap=\skip51
\mathdisplay@stack=\toks23
LaTeX Info: Redefining \[ on input line 2923.
LaTeX Info: Redefining \] on input line 2924.
)
(C:\Users\Robin\AppData\Local\Programs\MiKTeX\tex/latex/substr\substr.sty
Package: substr 2009/10/20 v1.2 Handle substrings
\c@su@anzahl=\count199
)
(C:\Users\Robin\AppData\Local\Programs\MiKTeX\tex/latex/datatool\datatool-fp.st
y
Package: datatool-fp 2019/09/27 v2.32 (NLCT)
 (C:\Users\Robin\AppData\Local\Programs\MiKTeX\tex/latex/fp\fp.sty
Package: fp 1995/04/02

`Fixed Point Package', Version 0.8, April 2, 1995 (C) Michael Mehlich
(C:\Users\Robin\AppData\Local\Programs\MiKTeX\tex/latex/fp\defpattern.sty
Package: defpattern 1994/10/12
\actioncount=\count266
)
(C:\Users\Robin\AppData\Local\Programs\MiKTeX\tex/latex/fp\fp-basic.sty
Package: fp-basic 1996/05/13
\FP@xs=\count267
\FP@xia=\count268
\FP@xib=\count269
\FP@xfa=\count270
\FP@xfb=\count271
\FP@rega=\count272
\FP@regb=\count273
\FP@regs=\count274
\FP@times=\count275
)
(C:\Users\Robin\AppData\Local\Programs\MiKTeX\tex/latex/fp\fp-addons.sty
Package: fp-addons 1995/03/15
)
(C:\Users\Robin\AppData\Local\Programs\MiKTeX\tex/latex/fp\fp-snap.sty
Package: fp-snap 1995/04/05
)
(C:\Users\Robin\AppData\Local\Programs\MiKTeX\tex/latex/fp\fp-exp.sty
Package: fp-exp 1995/04/03
)
(C:\Users\Robin\AppData\Local\Programs\MiKTeX\tex/latex/fp\fp-trigo.sty
Package: fp-trigo 1995/04/14
)
(C:\Users\Robin\AppData\Local\Programs\MiKTeX\tex/latex/fp\fp-pas.sty
Package: fp-pas 1994/08/29
)
(C:\Users\Robin\AppData\Local\Programs\MiKTeX\tex/latex/fp\fp-random.sty
Package: fp-random 1995/02/23
\FPseed=\count276
)
(C:\Users\Robin\AppData\Local\Programs\MiKTeX\tex/latex/fp\fp-eqn.sty
Package: fp-eqn 1995/04/03
)
(C:\Users\Robin\AppData\Local\Programs\MiKTeX\tex/latex/fp\fp-upn.sty
Package: fp-upn 1996/10/21
)
(C:\Users\Robin\AppData\Local\Programs\MiKTeX\tex/latex/fp\fp-eval.sty
Package: fp-eval 1995/04/03
)))
\@dtl@toks=\toks24
\@dtl@tmpcount=\count277
\dtl@tmplength=\skip52
\dtl@sortresult=\count278
\@dtl@numgrpsepcount=\count279
\@dtl@datatype=\count280
\dtl@codeA=\count281
\dtl@codeB=\count282
\@dtl@foreach@level=\count283
)
(C:\Users\Robin\AppData\Local\Programs\MiKTeX\tex/latex/glossaries/base\glossar
ies-compatible-307.sty
Package: glossaries-compatible-307 2020/03/19 v4.46 (NLCT)
)
\gls@level=\count284
\@gls@tmpb=\toks25
\gls@tmplen=\skip53
\glskeylisttok=\toks26
\glslabeltok=\toks27
\glsshorttok=\toks28
\glslongtok=\toks29

(C:\Users\Robin\AppData\Local\Programs\MiKTeX\tex/latex/glossaries/styles\gloss
ary-hypernav.sty
Package: glossary-hypernav 2020/03/19 v4.46 (NLCT)
)
(C:\Users\Robin\AppData\Local\Programs\MiKTeX\tex/latex/glossaries/styles\gloss
ary-list.sty
Package: glossary-list 2020/03/19 v4.46 (NLCT)
\glslistdottedwidth=\skip54
)
(C:\Users\Robin\AppData\Local\Programs\MiKTeX\tex/latex/glossaries/styles\gloss
ary-long.sty
Package: glossary-long 2020/03/19 v4.46 (NLCT)

(C:\Users\Robin\AppData\Local\Programs\MiKTeX\tex/latex/latex-tools\longtable.s
ty
Package: longtable 2020/01/07 v4.13 Multi-page Table package (DPC)
\LTleft=\skip55
\LTright=\skip56
\LTpre=\skip57
\LTpost=\skip58
\LTchunksize=\count285
\LTcapwidth=\dimen148
\LT@head=\box49
\LT@firsthead=\box50
\LT@foot=\box51
\LT@lastfoot=\box52
\LT@cols=\count286
\LT@rows=\count287
\c@LT@tables=\count288
\c@LT@chunks=\count289
\LT@p@ftn=\toks30
)
\glsdescwidth=\skip59
\glspagelistwidth=\skip60
)
(C:\Users\Robin\AppData\Local\Programs\MiKTeX\tex/latex/glossaries/styles\gloss
ary-super.sty
Package: glossary-super 2020/03/19 v4.46 (NLCT)

(C:\Users\Robin\AppData\Local\Programs\MiKTeX\tex/latex/supertabular\supertabul
ar.sty
Package: supertabular 2020/02/02 v4.1g the supertabular environment
\c@tracingst=\count290
\ST@wd=\dimen149
\ST@rightskip=\skip61
\ST@leftskip=\skip62
\ST@parfillskip=\skip63
\ST@pageleft=\dimen150
\ST@headht=\dimen151
\ST@tailht=\dimen152
\ST@pagesofar=\dimen153
\ST@pboxht=\dimen154
\ST@lineht=\dimen155
\ST@prevht=\dimen156
\ST@toadd=\dimen157
\ST@dimen=\dimen158
\ST@pbox=\box53
))
(C:\Users\Robin\AppData\Local\Programs\MiKTeX\tex/latex/glossaries/styles\gloss
ary-tree.sty
Package: glossary-tree 2020/03/19 v4.46 (NLCT)
\glstreeindent=\skip64
))
(C:\Users\Robin\AppData\Local\Programs\MiKTeX\tex/latex/latex-tools\xspace.sty
Package: xspace 2014/10/28 v1.13 Space after command names (DPC,MH)
) (C:\Users\Robin\AppData\Local\Programs\MiKTeX\tex/latex/xcolor\xcolor.sty
Package: xcolor 2016/05/11 v2.12 LaTeX color extensions (UK)

(C:\Users\Robin\AppData\Local\Programs\MiKTeX\tex/latex/graphics-cfg\color.cfg
File: color.cfg 2016/01/02 v1.6 sample color configuration
)
Package xcolor Info: Driver file: pdftex.def on input line 225.

(C:\Users\Robin\AppData\Local\Programs\MiKTeX\tex/latex/graphics-def\pdftex.def
File: pdftex.def 2020/10/05 v1.2a Graphics/color driver for pdftex
)
Package xcolor Info: Model `cmy' substituted by `cmy0' on input line 1348.
Package xcolor Info: Model `hsb' substituted by `rgb' on input line 1352.
Package xcolor Info: Model `RGB' extended on input line 1364.
Package xcolor Info: Model `HTML' substituted by `rgb' on input line 1366.
Package xcolor Info: Model `Hsb' substituted by `hsb' on input line 1367.
Package xcolor Info: Model `tHsb' substituted by `hsb' on input line 1368.
Package xcolor Info: Model `HSB' substituted by `hsb' on input line 1369.
Package xcolor Info: Model `Gray' substituted by `gray' on input line 1370.
Package xcolor Info: Model `wave' substituted by `hsb' on input line 1371.
 (C:\Users\Robin\AppData\Local\Programs\MiKTeX\tex/latex/graphics\dvipsnam.def
File: dvipsnam.def 2016/06/17 v3.0m Driver-dependent file (DPC,SPQR)
))
(C:\Users\Robin\AppData\Local\Programs\MiKTeX\tex/latex/latex-tools\layout.sty
Package: layout 2014/10/28 v1.2c Show layout parameters
\oneinch=\count291
\cnt@paperwidth=\count292
\cnt@paperheight=\count293
\cnt@hoffset=\count294
\cnt@voffset=\count295
\cnt@textheight=\count296
\cnt@textwidth=\count297
\cnt@topmargin=\count298
\cnt@oddsidemargin=\count299
\cnt@evensidemargin=\count300
\cnt@headheight=\count301
\cnt@headsep=\count302
\cnt@marginparsep=\count303
\cnt@marginparwidth=\count304
\cnt@marginparpush=\count305
\cnt@footskip=\count306
\fheight=\count307
\ref@top=\count308
\ref@hoffset=\count309
\ref@voffset=\count310
\ref@head=\count311
\ref@body=\count312
\ref@foot=\count313
\ref@margin=\count314
\ref@marginwidth=\count315
\ref@marginpar=\count316
\Interval=\count317
\ExtraYPos=\count318
\PositionX=\count319
\PositionY=\count320
\ArrowLength=\count321
) (C:\Users\Robin\AppData\Local\Programs\MiKTeX\tex/latex/hyperref\hyperref.sty
Package: hyperref 2020-05-15 v7.00e Hypertext links for LaTeX

(C:\Users\Robin\AppData\Local\Programs\MiKTeX\tex/generic/ltxcmds\ltxcmds.sty
Package: ltxcmds 2020-05-10 v1.25 LaTeX kernel commands for general use (HO)
)
(C:\Users\Robin\AppData\Local\Programs\MiKTeX\tex/generic/iftex\iftex.sty
Package: iftex 2020/03/06 v1.0d TeX engine tests
)
(C:\Users\Robin\AppData\Local\Programs\MiKTeX\tex/generic/pdftexcmds\pdftexcmds
.sty
Package: pdftexcmds 2020-06-27 v0.33 Utility functions of pdfTeX for LuaTeX (HO
)

(C:\Users\Robin\AppData\Local\Programs\MiKTeX\tex/generic/infwarerr\infwarerr.s
ty
Package: infwarerr 2019/12/03 v1.5 Providing info/warning/error messages (HO)
)
Package pdftexcmds Info: \pdf@primitive is available.
Package pdftexcmds Info: \pdf@ifprimitive is available.
Package pdftexcmds Info: \pdfdraftmode found.
)
(C:\Users\Robin\AppData\Local\Programs\MiKTeX\tex/generic/kvsetkeys\kvsetkeys.s
ty
Package: kvsetkeys 2019/12/15 v1.18 Key value parser (HO)
)
(C:\Users\Robin\AppData\Local\Programs\MiKTeX\tex/generic/kvdefinekeys\kvdefine
keys.sty
Package: kvdefinekeys 2019-12-19 v1.6 Define keys (HO)
)
(C:\Users\Robin\AppData\Local\Programs\MiKTeX\tex/generic/pdfescape\pdfescape.s
ty
Package: pdfescape 2019/12/09 v1.15 Implements pdfTeX's escape features (HO)
) (C:\Users\Robin\AppData\Local\Programs\MiKTeX\tex/latex/hycolor\hycolor.sty
Package: hycolor 2020-01-27 v1.10 Color options for hyperref/bookmark (HO)
)
(C:\Users\Robin\AppData\Local\Programs\MiKTeX\tex/latex/letltxmacro\letltxmacro
.sty
Package: letltxmacro 2019/12/03 v1.6 Let assignment for LaTeX macros (HO)
)
(C:\Users\Robin\AppData\Local\Programs\MiKTeX\tex/latex/auxhook\auxhook.sty
Package: auxhook 2019-12-17 v1.6 Hooks for auxiliary files (HO)
)
(C:\Users\Robin\AppData\Local\Programs\MiKTeX\tex/latex/kvoptions\kvoptions.sty
Package: kvoptions 2020-10-07 v3.14 Key value format for package options (HO)
)
\@linkdim=\dimen159
\Hy@linkcounter=\count322
\Hy@pagecounter=\count323
 (C:\Users\Robin\AppData\Local\Programs\MiKTeX\tex/latex/hyperref\pd1enc.def
File: pd1enc.def 2020-05-15 v7.00e Hyperref: PDFDocEncoding definition (HO)
Now handling font encoding PD1 ...
... no UTF-8 mapping file for font encoding PD1
)
(C:\Users\Robin\AppData\Local\Programs\MiKTeX\tex/generic/intcalc\intcalc.sty
Package: intcalc 2019/12/15 v1.3 Expandable calculations with integers (HO)
)
(C:\Users\Robin\AppData\Local\Programs\MiKTeX\tex/generic/etexcmds\etexcmds.sty
Package: etexcmds 2019/12/15 v1.7 Avoid name clashes with e-TeX commands (HO)
)
\Hy@SavedSpaceFactor=\count324
Package hyperref Info: Hyper figures OFF on input line 4464.
Package hyperref Info: Link nesting OFF on input line 4469.
Package hyperref Info: Hyper index ON on input line 4472.
Package hyperref Info: Plain pages OFF on input line 4479.
Package hyperref Info: Backreferencing OFF on input line 4484.
Package hyperref Info: Implicit mode ON; LaTeX internals redefined.
Package hyperref Info: Bookmarks ON on input line 4717.
\c@Hy@tempcnt=\count325
 (C:\Users\Robin\AppData\Local\Programs\MiKTeX\tex/latex/url\url.sty
\Urlmuskip=\muskip17
Package: url 2013/09/16  ver 3.4  Verb mode for urls, etc.
)
LaTeX Info: Redefining \url on input line 5076.
\XeTeXLinkMargin=\dimen160

(C:\Users\Robin\AppData\Local\Programs\MiKTeX\tex/generic/bitset\bitset.sty
Package: bitset 2019/12/09 v1.3 Handle bit-vector datatype (HO)

(C:\Users\Robin\AppData\Local\Programs\MiKTeX\tex/generic/bigintcalc\bigintcalc
.sty
Package: bigintcalc 2019/12/15 v1.5 Expandable calculations on big integers (HO
)
))
\Fld@menulength=\count326
\Field@Width=\dimen161
\Fld@charsize=\dimen162
Package hyperref Info: Hyper figures OFF on input line 6347.
Package hyperref Info: Link nesting OFF on input line 6352.
Package hyperref Info: Hyper index ON on input line 6355.
Package hyperref Info: backreferencing OFF on input line 6362.
Package hyperref Info: Link coloring OFF on input line 6367.
Package hyperref Info: Link coloring with OCG OFF on input line 6372.
Package hyperref Info: PDF/A mode OFF on input line 6377.
LaTeX Info: Redefining \ref on input line 6417.
LaTeX Info: Redefining \pageref on input line 6421.

(C:\Users\Robin\AppData\Local\Programs\MiKTeX\tex/latex/base\atbegshi-ltx.sty
Package: atbegshi-ltx 2020/08/17 v1.0a Emulation of the original atbegshi packa
ge
with kernel methods
)
\Hy@abspage=\count327
\c@Item=\count328
\c@Hfootnote=\count329
)
Package hyperref Info: Driver (autodetected): hpdftex.
(C:\Users\Robin\AppData\Local\Programs\MiKTeX\tex/latex/hyperref\hpdftex.def
File: hpdftex.def 2020-05-15 v7.00e Hyperref driver for pdfTeX

(C:\Users\Robin\AppData\Local\Programs\MiKTeX\tex/latex/base\atveryend-ltx.sty
Package: atveryend-ltx 2020/08/19 v1.0a Emulation of the original atvery packag
e
with kernel methods
)
\Fld@listcount=\count330
\c@bookmark@seq@number=\count331

(C:\Users\Robin\AppData\Local\Programs\MiKTeX\tex/latex/rerunfilecheck\rerunfil
echeck.sty
Package: rerunfilecheck 2019/12/05 v1.9 Rerun checks for auxiliary files (HO)

(C:\Users\Robin\AppData\Local\Programs\MiKTeX\tex/generic/uniquecounter\uniquec
ounter.sty
Package: uniquecounter 2019/12/15 v1.4 Provide unlimited unique counter (HO)
)
Package uniquecounter Info: New unique counter `rerunfilecheck' on input line 2
86.
)
\Hy@SectionHShift=\skip65
)
Package hyperref Info: Option `colorlinks' set `true' on input line 8.

(C:\Users\Robin\AppData\Local\Programs\MiKTeX\tex/latex/amsfonts\amsfonts.sty
Package: amsfonts 2013/01/14 v3.01 Basic AMSFonts support
\symAMSa=\mathgroup4
\symAMSb=\mathgroup5
LaTeX Font Info:    Redeclaring math symbol \hbar on input line 98.
LaTeX Font Info:    Overwriting math alphabet `\mathfrak' in version `bold'
(Font)                  U/euf/m/n --> U/euf/b/n on input line 106.
)
(C:\Users\Robin\AppData\Local\Programs\MiKTeX\tex/latex/caption\caption.sty
Package: caption 2020/10/26 v3.5g Customizing captions (AR)

(C:\Users\Robin\AppData\Local\Programs\MiKTeX\tex/latex/caption\caption3.sty
Package: caption3 2020/10/21 v2.2e caption3 kernel (AR)
\captionmargin=\dimen163
\captionmargin@=\dimen164
\captionwidth=\dimen165
\caption@tempdima=\dimen166
\caption@indent=\dimen167
\caption@parindent=\dimen168
\caption@hangindent=\dimen169
Package caption Info: Standard document class detected.
)
\c@caption@flags=\count332
\c@continuedfloat=\count333
Package caption Info: hyperref package is loaded.
Package caption Info: longtable package is loaded.

(C:\Users\Robin\AppData\Local\Programs\MiKTeX\tex/latex/caption\ltcaption.sty
Package: ltcaption 2020/05/30 v1.4b longtable captions (AR)
)
Package caption Info: supertabular package is loaded.
) (C:\Users\Robin\AppData\Local\Programs\MiKTeX\tex/latex/natbib\natbib.sty
Package: natbib 2010/09/13 8.31b (PWD, AO)
\bibhang=\skip66
\bibsep=\skip67
LaTeX Info: Redefining \cite on input line 694.
\c@NAT@ctr=\count334
)
(C:\Users\Robin\AppData\Local\Programs\MiKTeX\tex/latex/caption\subcaption.sty
Package: subcaption 2020/10/07 v1.3j Sub-captions (AR)
\c@subfigure=\count335
\c@subtable=\count336
)
(C:\Users\Robin\AppData\Local\Programs\MiKTeX\tex/latex/todonotes\todonotes.sty
Package: todonotes 2021/04/26 v1.1.4 Todonotes source and documentation.
Package: todonotes 2018/11/22

(C:\Users\Robin\AppData\Local\Programs\MiKTeX\tex/latex/pgf/frontendlayer\tikz.
sty
(C:\Users\Robin\AppData\Local\Programs\MiKTeX\tex/latex/pgf/basiclayer\pgf.sty
(C:\Users\Robin\AppData\Local\Programs\MiKTeX\tex/latex/pgf/utilities\pgfrcs.st
y
(C:\Users\Robin\AppData\Local\Programs\MiKTeX\tex/generic/pgf/utilities\pgfutil
-common.tex
\pgfutil@everybye=\toks31
\pgfutil@tempdima=\dimen170
\pgfutil@tempdimb=\dimen171

(C:\Users\Robin\AppData\Local\Programs\MiKTeX\tex/generic/pgf/utilities\pgfutil
-common-lists.tex))
(C:\Users\Robin\AppData\Local\Programs\MiKTeX\tex/generic/pgf/utilities\pgfutil
-latex.def
\pgfutil@abb=\box54
)
(C:\Users\Robin\AppData\Local\Programs\MiKTeX\tex/generic/pgf/utilities\pgfrcs.
code.tex
(C:\Users\Robin\AppData\Local\Programs\MiKTeX\tex/generic/pgf\pgf.revision.tex)
Package: pgfrcs 2020/12/27 v3.1.8b (3.1.8b)
))
Package: pgf 2020/12/27 v3.1.8b (3.1.8b)

(C:\Users\Robin\AppData\Local\Programs\MiKTeX\tex/latex/pgf/basiclayer\pgfcore.
sty
(C:\Users\Robin\AppData\Local\Programs\MiKTeX\tex/latex/graphics\graphicx.sty
Package: graphicx 2020/09/09 v1.2b Enhanced LaTeX Graphics (DPC,SPQR)

(C:\Users\Robin\AppData\Local\Programs\MiKTeX\tex/latex/graphics\graphics.sty
Package: graphics 2020/08/30 v1.4c Standard LaTeX Graphics (DPC,SPQR)

(C:\Users\Robin\AppData\Local\Programs\MiKTeX\tex/latex/graphics\trig.sty
Package: trig 2016/01/03 v1.10 sin cos tan (DPC)
)
(C:\Users\Robin\AppData\Local\Programs\MiKTeX\tex/latex/graphics-cfg\graphics.c
fg
File: graphics.cfg 2016/06/04 v1.11 sample graphics configuration
)
Package graphics Info: Driver file: pdftex.def on input line 105.
)
\Gin@req@height=\dimen172
\Gin@req@width=\dimen173
)
(C:\Users\Robin\AppData\Local\Programs\MiKTeX\tex/latex/pgf/systemlayer\pgfsys.
sty
(C:\Users\Robin\AppData\Local\Programs\MiKTeX\tex/generic/pgf/systemlayer\pgfsy
s.code.tex
Package: pgfsys 2020/12/27 v3.1.8b (3.1.8b)

(C:\Users\Robin\AppData\Local\Programs\MiKTeX\tex/generic/pgf/utilities\pgfkeys
.code.tex
\pgfkeys@pathtoks=\toks32
\pgfkeys@temptoks=\toks33

(C:\Users\Robin\AppData\Local\Programs\MiKTeX\tex/generic/pgf/utilities\pgfkeys
filtered.code.tex
\pgfkeys@tmptoks=\toks34
))
\pgf@x=\dimen174
\pgf@y=\dimen175
\pgf@xa=\dimen176
\pgf@ya=\dimen177
\pgf@xb=\dimen178
\pgf@yb=\dimen179
\pgf@xc=\dimen180
\pgf@yc=\dimen181
\pgf@xd=\dimen182
\pgf@yd=\dimen183
\w@pgf@writea=\write3
\r@pgf@reada=\read2
\c@pgf@counta=\count337
\c@pgf@countb=\count338
\c@pgf@countc=\count339
\c@pgf@countd=\count340
\t@pgf@toka=\toks35
\t@pgf@tokb=\toks36
\t@pgf@tokc=\toks37
\pgf@sys@id@count=\count341

(C:\Users\Robin\AppData\Local\Programs\MiKTeX\tex/generic/pgf/systemlayer\pgf.c
fg
File: pgf.cfg 2020/12/27 v3.1.8b (3.1.8b)
)
Driver file for pgf: pgfsys-pdftex.def

(C:\Users\Robin\AppData\Local\Programs\MiKTeX\tex/generic/pgf/systemlayer\pgfsy
s-pdftex.def
File: pgfsys-pdftex.def 2020/12/27 v3.1.8b (3.1.8b)

(C:\Users\Robin\AppData\Local\Programs\MiKTeX\tex/generic/pgf/systemlayer\pgfsy
s-common-pdf.def
File: pgfsys-common-pdf.def 2020/12/27 v3.1.8b (3.1.8b)
)))
(C:\Users\Robin\AppData\Local\Programs\MiKTeX\tex/generic/pgf/systemlayer\pgfsy
ssoftpath.code.tex
File: pgfsyssoftpath.code.tex 2020/12/27 v3.1.8b (3.1.8b)
\pgfsyssoftpath@smallbuffer@items=\count342
\pgfsyssoftpath@bigbuffer@items=\count343
)
(C:\Users\Robin\AppData\Local\Programs\MiKTeX\tex/generic/pgf/systemlayer\pgfsy
sprotocol.code.tex
File: pgfsysprotocol.code.tex 2020/12/27 v3.1.8b (3.1.8b)
))
(C:\Users\Robin\AppData\Local\Programs\MiKTeX\tex/generic/pgf/basiclayer\pgfcor
e.code.tex
Package: pgfcore 2020/12/27 v3.1.8b (3.1.8b)

(C:\Users\Robin\AppData\Local\Programs\MiKTeX\tex/generic/pgf/math\pgfmath.code
.tex
(C:\Users\Robin\AppData\Local\Programs\MiKTeX\tex/generic/pgf/math\pgfmathcalc.
code.tex
(C:\Users\Robin\AppData\Local\Programs\MiKTeX\tex/generic/pgf/math\pgfmathutil.
code.tex)
(C:\Users\Robin\AppData\Local\Programs\MiKTeX\tex/generic/pgf/math\pgfmathparse
r.code.tex
\pgfmath@dimen=\dimen184
\pgfmath@count=\count344
\pgfmath@box=\box55
\pgfmath@toks=\toks38
\pgfmath@stack@operand=\toks39
\pgfmath@stack@operation=\toks40
)
(C:\Users\Robin\AppData\Local\Programs\MiKTeX\tex/generic/pgf/math\pgfmathfunct
ions.code.tex
(C:\Users\Robin\AppData\Local\Programs\MiKTeX\tex/generic/pgf/math\pgfmathfunct
ions.basic.code.tex)
(C:\Users\Robin\AppData\Local\Programs\MiKTeX\tex/generic/pgf/math\pgfmathfunct
ions.trigonometric.code.tex)
(C:\Users\Robin\AppData\Local\Programs\MiKTeX\tex/generic/pgf/math\pgfmathfunct
ions.random.code.tex)
(C:\Users\Robin\AppData\Local\Programs\MiKTeX\tex/generic/pgf/math\pgfmathfunct
ions.comparison.code.tex)
(C:\Users\Robin\AppData\Local\Programs\MiKTeX\tex/generic/pgf/math\pgfmathfunct
ions.base.code.tex)
(C:\Users\Robin\AppData\Local\Programs\MiKTeX\tex/generic/pgf/math\pgfmathfunct
ions.round.code.tex)
(C:\Users\Robin\AppData\Local\Programs\MiKTeX\tex/generic/pgf/math\pgfmathfunct
ions.misc.code.tex)
(C:\Users\Robin\AppData\Local\Programs\MiKTeX\tex/generic/pgf/math\pgfmathfunct
ions.integerarithmetics.code.tex)))
(C:\Users\Robin\AppData\Local\Programs\MiKTeX\tex/generic/pgf/math\pgfmathfloat
.code.tex
\c@pgfmathroundto@lastzeros=\count345
))
(C:\Users\Robin\AppData\Local\Programs\MiKTeX\tex/generic/pgf/math\pgfint.code.
tex)
(C:\Users\Robin\AppData\Local\Programs\MiKTeX\tex/generic/pgf/basiclayer\pgfcor
epoints.code.tex
File: pgfcorepoints.code.tex 2020/12/27 v3.1.8b (3.1.8b)
\pgf@picminx=\dimen185
\pgf@picmaxx=\dimen186
\pgf@picminy=\dimen187
\pgf@picmaxy=\dimen188
\pgf@pathminx=\dimen189
\pgf@pathmaxx=\dimen190
\pgf@pathminy=\dimen191
\pgf@pathmaxy=\dimen192
\pgf@xx=\dimen193
\pgf@xy=\dimen194
\pgf@yx=\dimen195
\pgf@yy=\dimen196
\pgf@zx=\dimen197
\pgf@zy=\dimen198
)
(C:\Users\Robin\AppData\Local\Programs\MiKTeX\tex/generic/pgf/basiclayer\pgfcor
epathconstruct.code.tex
File: pgfcorepathconstruct.code.tex 2020/12/27 v3.1.8b (3.1.8b)
\pgf@path@lastx=\dimen199
\pgf@path@lasty=\dimen256
)
(C:\Users\Robin\AppData\Local\Programs\MiKTeX\tex/generic/pgf/basiclayer\pgfcor
epathusage.code.tex
File: pgfcorepathusage.code.tex 2020/12/27 v3.1.8b (3.1.8b)
\pgf@shorten@end@additional=\dimen257
\pgf@shorten@start@additional=\dimen258
)
(C:\Users\Robin\AppData\Local\Programs\MiKTeX\tex/generic/pgf/basiclayer\pgfcor
escopes.code.tex
File: pgfcorescopes.code.tex 2020/12/27 v3.1.8b (3.1.8b)
\pgfpic=\box56
\pgf@hbox=\box57
\pgf@layerbox@main=\box58
\pgf@picture@serial@count=\count346
)
(C:\Users\Robin\AppData\Local\Programs\MiKTeX\tex/generic/pgf/basiclayer\pgfcor
egraphicstate.code.tex
File: pgfcoregraphicstate.code.tex 2020/12/27 v3.1.8b (3.1.8b)
\pgflinewidth=\dimen259
)
(C:\Users\Robin\AppData\Local\Programs\MiKTeX\tex/generic/pgf/basiclayer\pgfcor
etransformations.code.tex
File: pgfcoretransformations.code.tex 2020/12/27 v3.1.8b (3.1.8b)
\pgf@pt@x=\dimen260
\pgf@pt@y=\dimen261
\pgf@pt@temp=\dimen262
)
(C:\Users\Robin\AppData\Local\Programs\MiKTeX\tex/generic/pgf/basiclayer\pgfcor
equick.code.tex
File: pgfcorequick.code.tex 2020/12/27 v3.1.8b (3.1.8b)
)
(C:\Users\Robin\AppData\Local\Programs\MiKTeX\tex/generic/pgf/basiclayer\pgfcor
eobjects.code.tex
File: pgfcoreobjects.code.tex 2020/12/27 v3.1.8b (3.1.8b)
)
(C:\Users\Robin\AppData\Local\Programs\MiKTeX\tex/generic/pgf/basiclayer\pgfcor
epathprocessing.code.tex
File: pgfcorepathprocessing.code.tex 2020/12/27 v3.1.8b (3.1.8b)
)
(C:\Users\Robin\AppData\Local\Programs\MiKTeX\tex/generic/pgf/basiclayer\pgfcor
earrows.code.tex
File: pgfcorearrows.code.tex 2020/12/27 v3.1.8b (3.1.8b)
\pgfarrowsep=\dimen263
)
(C:\Users\Robin\AppData\Local\Programs\MiKTeX\tex/generic/pgf/basiclayer\pgfcor
eshade.code.tex
File: pgfcoreshade.code.tex 2020/12/27 v3.1.8b (3.1.8b)
\pgf@max=\dimen264
\pgf@sys@shading@range@num=\count347
\pgf@shadingcount=\count348
)
(C:\Users\Robin\AppData\Local\Programs\MiKTeX\tex/generic/pgf/basiclayer\pgfcor
eimage.code.tex
File: pgfcoreimage.code.tex 2020/12/27 v3.1.8b (3.1.8b)

(C:\Users\Robin\AppData\Local\Programs\MiKTeX\tex/generic/pgf/basiclayer\pgfcor
eexternal.code.tex
File: pgfcoreexternal.code.tex 2020/12/27 v3.1.8b (3.1.8b)
\pgfexternal@startupbox=\box59
))
(C:\Users\Robin\AppData\Local\Programs\MiKTeX\tex/generic/pgf/basiclayer\pgfcor
elayers.code.tex
File: pgfcorelayers.code.tex 2020/12/27 v3.1.8b (3.1.8b)
)
(C:\Users\Robin\AppData\Local\Programs\MiKTeX\tex/generic/pgf/basiclayer\pgfcor
etransparency.code.tex
File: pgfcoretransparency.code.tex 2020/12/27 v3.1.8b (3.1.8b)
)
(C:\Users\Robin\AppData\Local\Programs\MiKTeX\tex/generic/pgf/basiclayer\pgfcor
epatterns.code.tex
File: pgfcorepatterns.code.tex 2020/12/27 v3.1.8b (3.1.8b)
)
(C:\Users\Robin\AppData\Local\Programs\MiKTeX\tex/generic/pgf/basiclayer\pgfcor
erdf.code.tex
File: pgfcorerdf.code.tex 2020/12/27 v3.1.8b (3.1.8b)
)))
(C:\Users\Robin\AppData\Local\Programs\MiKTeX\tex/generic/pgf/modules\pgfmodule
shapes.code.tex
File: pgfmoduleshapes.code.tex 2020/12/27 v3.1.8b (3.1.8b)
\pgfnodeparttextbox=\box60
)
(C:\Users\Robin\AppData\Local\Programs\MiKTeX\tex/generic/pgf/modules\pgfmodule
plot.code.tex
File: pgfmoduleplot.code.tex 2020/12/27 v3.1.8b (3.1.8b)
)
(C:\Users\Robin\AppData\Local\Programs\MiKTeX\tex/latex/pgf/compatibility\pgfco
mp-version-0-65.sty
Package: pgfcomp-version-0-65 2020/12/27 v3.1.8b (3.1.8b)
\pgf@nodesepstart=\dimen265
\pgf@nodesepend=\dimen266
)
(C:\Users\Robin\AppData\Local\Programs\MiKTeX\tex/latex/pgf/compatibility\pgfco
mp-version-1-18.sty
Package: pgfcomp-version-1-18 2020/12/27 v3.1.8b (3.1.8b)
))
(C:\Users\Robin\AppData\Local\Programs\MiKTeX\tex/latex/pgf/utilities\pgffor.st
y
(C:\Users\Robin\AppData\Local\Programs\MiKTeX\tex/latex/pgf/utilities\pgfkeys.s
ty
(C:\Users\Robin\AppData\Local\Programs\MiKTeX\tex/generic/pgf/utilities\pgfkeys
.code.tex))
(C:\Users\Robin\AppData\Local\Programs\MiKTeX\tex/latex/pgf/math\pgfmath.sty
(C:\Users\Robin\AppData\Local\Programs\MiKTeX\tex/generic/pgf/math\pgfmath.code
.tex))
(C:\Users\Robin\AppData\Local\Programs\MiKTeX\tex/generic/pgf/utilities\pgffor.
code.tex
Package: pgffor 2020/12/27 v3.1.8b (3.1.8b)

(C:\Users\Robin\AppData\Local\Programs\MiKTeX\tex/generic/pgf/math\pgfmath.code
.tex)
\pgffor@iter=\dimen267
\pgffor@skip=\dimen268
\pgffor@stack=\toks41
\pgffor@toks=\toks42
))
(C:\Users\Robin\AppData\Local\Programs\MiKTeX\tex/generic/pgf/frontendlayer/tik
z\tikz.code.tex
Package: tikz 2020/12/27 v3.1.8b (3.1.8b)

(C:\Users\Robin\AppData\Local\Programs\MiKTeX\tex/generic/pgf/libraries\pgflibr
aryplothandlers.code.tex
File: pgflibraryplothandlers.code.tex 2020/12/27 v3.1.8b (3.1.8b)
\pgf@plot@mark@count=\count349
\pgfplotmarksize=\dimen269
)
\tikz@lastx=\dimen270
\tikz@lasty=\dimen271
\tikz@lastxsaved=\dimen272
\tikz@lastysaved=\dimen273
\tikz@lastmovetox=\dimen274
\tikz@lastmovetoy=\dimen275
\tikzleveldistance=\dimen276
\tikzsiblingdistance=\dimen277
\tikz@figbox=\box61
\tikz@figbox@bg=\box62
\tikz@tempbox=\box63
\tikz@tempbox@bg=\box64
\tikztreelevel=\count350
\tikznumberofchildren=\count351
\tikznumberofcurrentchild=\count352
\tikz@fig@count=\count353

(C:\Users\Robin\AppData\Local\Programs\MiKTeX\tex/generic/pgf/modules\pgfmodule
matrix.code.tex
File: pgfmodulematrix.code.tex 2020/12/27 v3.1.8b (3.1.8b)
\pgfmatrixcurrentrow=\count354
\pgfmatrixcurrentcolumn=\count355
\pgf@matrix@numberofcolumns=\count356
)
\tikz@expandcount=\count357

(C:\Users\Robin\AppData\Local\Programs\MiKTeX\tex/generic/pgf/frontendlayer/tik
z/libraries\tikzlibrarytopaths.code.tex
File: tikzlibrarytopaths.code.tex 2020/12/27 v3.1.8b (3.1.8b)
)))
(C:\Users\Robin\AppData\Local\Programs\MiKTeX\tex/generic/pgf/frontendlayer/tik
z/libraries\tikzlibrarypositioning.code.tex
File: tikzlibrarypositioning.code.tex 2020/12/27 v3.1.8b (3.1.8b)
)
(C:\Users\Robin\AppData\Local\Programs\MiKTeX\tex/latex/latex-tools\calc.sty
Package: calc 2017/05/25 v4.3 Infix arithmetic (KKT,FJ)
\calc@Acount=\count358
\calc@Bcount=\count359
\calc@Adimen=\dimen278
\calc@Bdimen=\dimen279
\calc@Askip=\skip68
\calc@Bskip=\skip69
LaTeX Info: Redefining \setlength on input line 80.
LaTeX Info: Redefining \addtolength on input line 81.
\calc@Ccount=\count360
\calc@Cskip=\skip70
)
\c@@todonotes@numberoftodonotes=\count361
)
(C:\Users\Robin\AppData\Local\Programs\MiKTeX\tex/latex/enumitem\enumitem.sty
Package: enumitem 2019/06/20 v3.9 Customized lists
\enitkv@toks@=\toks43
\labelindent=\skip71
\enit@outerparindent=\dimen280
\enit@toks=\toks44
\enit@inbox=\box65
\enit@count@id=\count362
\enitdp@description=\count363
)
(C:\Users\Robin\AppData\Local\Programs\MiKTeX\tex/latex/parskip\parskip.sty
Package: parskip 2021-03-14 v2.0h non-zero parskip adjustments
)
(C:\Users\Robin\AppData\Local\Programs\MiKTeX\tex/latex/psnfss\times.sty
Package: times 2020/03/25 PSNFSS-v9.3 (SPQR) 
)
(C:\Users\Robin\AppData\Local\Programs\MiKTeX\tex/latex/siunitx\siunitx.sty
(C:\Users\Robin\AppData\Local\Programs\MiKTeX\tex/latex/l3kernel\expl3.sty
Package: expl3 2021-01-09 L3 programming layer (loader) 

(C:\Users\Robin\AppData\Local\Programs\MiKTeX\tex/latex/l3backend\l3backend-pdf
tex.def
File: l3backend-pdftex.def 2021-01-09 L3 backend support: PDF output (pdfTeX)
\l__kernel_color_stack_int=\count364
\l__pdf_internal_box=\box66
))
(C:\Users\Robin\AppData\Local\Programs\MiKTeX\tex/latex/l3packages/xparse\xpars
e.sty
Package: xparse 2020-10-27 L3 Experimental document command parser

(C:\Users\Robin\AppData\Local\Programs\MiKTeX\tex/latex/l3packages/xparse\xpars
e-generic.tex))
Package: siunitx 2021-04-17 v2.8e A comprehensive (SI) units package

(C:\Users\Robin\AppData\Local\Programs\MiKTeX\tex/latex/latex-tools\array.sty
Package: array 2020/10/01 v2.5c Tabular extension package (FMi)
\col@sep=\dimen281
\ar@mcellbox=\box67
\extrarowheight=\dimen282
\NC@list=\toks45
\extratabsurround=\skip72
\backup@length=\skip73
\ar@cellbox=\box68
)
(C:\Users\Robin\AppData\Local\Programs\MiKTeX\tex/latex/l3packages/l3keys2e\l3k
eys2e.sty
Package: l3keys2e 2020-10-27 LaTeX2e option processing using LaTeX3 keys
)
\l__siunitx_tmp_box=\box69
\l__siunitx_tmp_dim=\dimen283
\l__siunitx_tmp_int=\count365
\l__siunitx_number_mantissa_length_int=\count366
\l__siunitx_number_uncert_length_int=\count367
\l__siunitx_round_int=\count368
\l__siunitx_process_decimal_int=\count369
\l__siunitx_process_uncertainty_int=\count370
\l__siunitx_process_fixed_int=\count371
\l__siunitx_process_integer_min_int=\count372
\l__siunitx_process_precision_int=\count373
\l__siunitx_group_min_int=\count374
\l__siunitx_angle_marker_box=\box70
\l__siunitx_angle_unit_box=\box71
\l__siunitx_angle_marker_dim=\dimen284
\l__siunitx_angle_unit_dim=\dimen285
\l__siunitx_unit_int=\count375
\l__siunitx_unit_denominator_int=\count376
\l__siunitx_unit_numerator_int=\count377
\l__siunitx_unit_prefix_int=\count378
\l__siunitx_unit_prefix_base_int=\count379
\l__siunitx_unit_prefix_gram_int=\count380
\l__siunitx_number_product_int=\count381
\c__siunitx_one_fill_skip=\skip74
\l__siunitx_table_unit_align_skip=\skip75
\l__siunitx_table_exponent_dim=\dimen286
\l__siunitx_table_integer_dim=\dimen287
\l__siunitx_table_mantissa_dim=\dimen288
\l__siunitx_table_marker_dim=\dimen289
\l__siunitx_table_result_dim=\dimen290
\l__siunitx_table_uncert_dim=\dimen291
\l__siunitx_table_fill_pre_dim=\dimen292
\l__siunitx_table_fill_post_dim=\dimen293
\l__siunitx_table_fill_mid_dim=\dimen294
\l__siunitx_table_pre_box=\box72
\l__siunitx_table_post_box=\box73
\l__siunitx_table_mantissa_box=\box74
\l__siunitx_table_result_box=\box75
\l__siunitx_table_number_align_skip=\skip76
\l__siunitx_table_text_align_skip=\skip77

(C:\Users\Robin\AppData\Local\Programs\MiKTeX\tex/latex/translator\translator.s
ty
Package: translator 2020-08-03 v1.12c Easy translation of strings in LaTeX
))
(C:\Users\Robin\AppData\Local\Programs\MiKTeX\tex/latex/wrapfig\wrapfig.sty
\wrapoverhang=\dimen295
\WF@size=\dimen296
\c@WF@wrappedlines=\count382
\WF@box=\box76
\WF@everypar=\toks46
Package: wrapfig 2003/01/31  v 3.6
)
(C:\Users\Robin\AppData\Local\Programs\MiKTeX\tex/latex/adjustbox\adjustbox.sty
Package: adjustbox 2020/08/19 v1.3 Adjusting TeX boxes (trim, clip, ...)
(C:\Users\Robin\AppData\Local\Programs\MiKTeX\tex/latex/adjustbox\adjcalc.sty
Package: adjcalc 2012/05/16 v1.1 Provides advanced setlength with multiple back
-ends (calc, etex, pgfmath)
)
(C:\Users\Robin\AppData\Local\Programs\MiKTeX\tex/latex/adjustbox\trimclip.sty
Package: trimclip 2020/08/19 v1.2 Trim and clip general TeX material

(C:\Users\Robin\AppData\Local\Programs\MiKTeX\tex/latex/collectbox\collectbox.s
ty
Package: collectbox 2012/05/17 v0.4b Collect macro arguments as boxes
\collectedbox=\box77
)
\tc@llx=\dimen297
\tc@lly=\dimen298
\tc@urx=\dimen299
\tc@ury=\dimen300
Package trimclip Info: Using driver 'tc-pdftex.def'.

(C:\Users\Robin\AppData\Local\Programs\MiKTeX\tex/latex/adjustbox\tc-pdftex.def
File: tc-pdftex.def 2019/01/04 v2.2 Clipping driver for pdftex
))
\adjbox@Width=\dimen301
\adjbox@Height=\dimen302
\adjbox@Depth=\dimen303
\adjbox@Totalheight=\dimen304
\adjbox@pwidth=\dimen305
\adjbox@pheight=\dimen306
\adjbox@pdepth=\dimen307
\adjbox@ptotalheight=\dimen308

(C:\Users\Robin\AppData\Local\Programs\MiKTeX\tex/latex/ifoddpage\ifoddpage.sty
Package: ifoddpage 2016/04/23 v1.1 Conditionals for odd/even page detection
\c@checkoddpage=\count383
) (C:\Users\Robin\AppData\Local\Programs\MiKTeX\tex/latex/varwidth\varwidth.sty
Package: varwidth 2009/03/30 ver 0.92;  Variable-width minipages
\@vwid@box=\box78
\sift@deathcycles=\count384
\@vwid@loff=\dimen309
\@vwid@roff=\dimen310
))
(C:\Users\Robin\AppData\Local\Programs\MiKTeX\tex/latex/titlesec\titlesec.sty
Package: titlesec 2019/10/16 v2.13 Sectioning titles
\ttl@box=\box79
\beforetitleunit=\skip78
\aftertitleunit=\skip79
\ttl@plus=\dimen311
\ttl@minus=\dimen312
\ttl@toksa=\toks47
\titlewidth=\dimen313
\titlewidthlast=\dimen314
\titlewidthfirst=\dimen315
)
\drop=\skip80

\@input{./glossary.aux}
\openout2 = `./glossary.aux'.

(glossary.tex
\glswrite=\write4
\glo@main@file=\write5
\openout5 = `Reaction_List.glo'.

Package glossaries Info: Writing glossary file Reaction_List.glo on input line 
9.
\glo@acronym@file=\write6
\openout6 = `Reaction_List.acn'.

Package glossaries Info: Writing glossary file Reaction_List.acn on input line 
9.
)
LaTeX Font Info:    Trying to load font information for OT1+ptm on input line 9
8.

(C:\Users\Robin\AppData\Local\Programs\MiKTeX\tex/latex/psnfss\ot1ptm.fd
File: ot1ptm.fd 2001/06/04 font definitions for OT1/ptm.
)
(Reaction_List.aux)
\openout1 = `Reaction_List.aux'.

LaTeX Font Info:    Checking defaults for OML/cmm/m/it on input line 98.
LaTeX Font Info:    ... okay on input line 98.
LaTeX Font Info:    Checking defaults for OMS/cmsy/m/n on input line 98.
LaTeX Font Info:    ... okay on input line 98.
LaTeX Font Info:    Checking defaults for OT1/cmr/m/n on input line 98.
LaTeX Font Info:    ... okay on input line 98.
LaTeX Font Info:    Checking defaults for T1/cmr/m/n on input line 98.
LaTeX Font Info:    ... okay on input line 98.
LaTeX Font Info:    Checking defaults for TS1/cmr/m/n on input line 98.
LaTeX Font Info:    ... okay on input line 98.
LaTeX Font Info:    Checking defaults for OMX/cmex/m/n on input line 98.
LaTeX Font Info:    ... okay on input line 98.
LaTeX Font Info:    Checking defaults for U/cmr/m/n on input line 98.
LaTeX Font Info:    ... okay on input line 98.
LaTeX Font Info:    Checking defaults for PD1/pdf/m/n on input line 98.
LaTeX Font Info:    ... okay on input line 98.

(C:\Users\Robin\AppData\Local\Programs\MiKTeX\tex/context/base/mkii\supp-pdf.mk
ii
[Loading MPS to PDF converter (version 2006.09.02).]
\scratchcounter=\count385
\scratchdimen=\dimen316
\scratchbox=\box80
\nofMPsegments=\count386
\nofMParguments=\count387
\everyMPshowfont=\toks48
\MPscratchCnt=\count388
\MPscratchDim=\dimen317
\MPnumerator=\count389
\makeMPintoPDFobject=\count390
\everyMPtoPDFconversion=\toks49
)
(C:\Users\Robin\AppData\Local\Programs\MiKTeX\tex/latex/epstopdf-pkg\epstopdf-b
ase.sty
Package: epstopdf-base 2020-01-24 v2.11 Base part for package epstopdf
Package epstopdf-base Info: Redefining graphics rule for `.eps' on input line 4
85.
)
Package hyperref Info: Link coloring ON on input line 98.

(C:\Users\Robin\AppData\Local\Programs\MiKTeX\tex/latex/hyperref\nameref.sty
Package: nameref 2019/09/16 v2.46 Cross-referencing by name of section

(C:\Users\Robin\AppData\Local\Programs\MiKTeX\tex/latex/refcount\refcount.sty
Package: refcount 2019/12/15 v3.6 Data extraction from label references (HO)
)
(C:\Users\Robin\AppData\Local\Programs\MiKTeX\tex/generic/gettitlestring\gettit
lestring.sty
Package: gettitlestring 2019/12/15 v1.6 Cleanup title references (HO)
)
\c@section@level=\count391
)
LaTeX Info: Redefining \ref on input line 98.
LaTeX Info: Redefining \pageref on input line 98.
LaTeX Info: Redefining \nameref on input line 98.
 (Reaction_List.out) (Reaction_List.out)
\@outlinefile=\write7
\openout7 = `Reaction_List.out'.

Package caption Info: Begin \AtBeginDocument code.
Package caption Info: wrapfig package is loaded.
Package caption Info: End \AtBeginDocument code.

(C:\Users\Robin\AppData\Local\Programs\MiKTeX\tex/latex/siunitx\siunitx-abbrevi
ations.cfg
File: siunitx-abbreviations.cfg 2021-04-17 v2.8e siunitx: Abbreviated units
)
(C:\Users\Robin\AppData\Local\Programs\MiKTeX\tex/latex/translator\translator-b
asic-dictionary-English.dict
Dictionary: translator-basic-dictionary, Language: English 
)
LaTeX Font Info:    Trying to load font information for U+msa on input line 98.


(C:\Users\Robin\AppData\Local\Programs\MiKTeX\tex/latex/amsfonts\umsa.fd
File: umsa.fd 2013/01/14 v3.01 AMS symbols A
)
LaTeX Font Info:    Trying to load font information for U+msb on input line 98.


(C:\Users\Robin\AppData\Local\Programs\MiKTeX\tex/latex/amsfonts\umsb.fd
File: umsb.fd 2013/01/14 v3.01 AMS symbols B
)
Overfull \hbox (35.99998pt too wide) in alignment at lines 113--136
 [] [] [] 
 []


Underfull \vbox (badness 10000) detected at line 136
 []


Overfull \hbox (35.99998pt too wide) in alignment at lines 136--156
 [] [] [] 
 []


Overfull \hbox (35.99998pt too wide) in alignment at lines 156--176
 [] [] [] 
 []

[1



\providecommand\@glsorder[1]{}
\providecommand\@istfilename[1]{}
\@istfilename{Reaction_List.ist}
\@glsorder{word}
\openout4 = `Reaction_List.ist'.



{C:/Users/Robin/AppData/Local/MiKTeX/pdftex/config/pdftex.map}]
Overfull \hbox (35.99998pt too wide) in alignment at lines 176--196
 [] [] [] 
 []


Overfull \hbox (35.99998pt too wide) in alignment at lines 196--200
 [] [] [] 
 []

[2]
Underfull \hbox (badness 10000) in paragraph at lines 282--282
[]|\OT1/ptm/m/n/10 Rctn
 []


Underfull \hbox (badness 1132) in paragraph at lines 284--284
[]|\OT1/ptm/m/n/10 potassium ([]K$[]$) chan-
 []


Underfull \hbox (badness 10000) in paragraph at lines 285--285
[]|[]\OT1/ptm/m/n/10 K$[]$ sodium ([]Na$[]$)-
 []


Underfull \hbox (badness 10000) in paragraph at lines 286--286
\OT1/ptm/m/n/10 through the NKCC1
 []


Underfull \hbox (badness 10000) in paragraph at lines 287--287
\OT1/ptm/m/n/10 the KCC1 chan-nel
 []


Underfull \hbox (badness 1210) in paragraph at lines 289--289
[]|[]\OT1/ptm/m/n/10 Na$[]$ flux through the
 []


Underfull \hbox (badness 2478) in paragraph at lines 290--290
[]|[]\OT1/ptm/m/n/10 Na$[]$ and HCO3 flux
 []


Underfull \hbox (badness 1377) in paragraph at lines 292--292
[]|\OT1/ptm/m/n/10 flux of []Ca$[]$ through
 []


Underfull \hbox (badness 1377) in paragraph at lines 293--293
[]|\OT1/ptm/m/n/10 flux of []Ca$[]$ through
 []


Underfull \hbox (badness 1377) in paragraph at lines 294--294
[]|\OT1/ptm/m/n/10 flux of []Ca$[]$ through
 []


Underfull \hbox (badness 10000) in paragraph at lines 294--294
\OT1/ptm/m/n/10 the leak chan-nel
 []


Underfull \hbox (badness 1377) in paragraph at lines 295--295
[]|\OT1/ptm/m/n/10 flux of []Ca$[]$ through
 []


Underfull \hbox (badness 1377) in paragraph at lines 296--296
[]|\OT1/ptm/m/n/10 flux of []Ca$[]$ through
 []


Underfull \hbox (badness 7064) in paragraph at lines 296--296
\OT1/ptm/m/n/10 CICR into as-tro-cytic
 []


Underfull \hbox (badness 1205) in paragraph at lines 298--298
[]|\OT1/ptm/m/n/10 Rate con-stant for IP3
 []


Underfull \hbox (badness 10000) in paragraph at lines 299--299
\OT1/ptm/m/n/10 epoxye-icosatrienoic
 []


Underfull \hbox (badness 10000) in paragraph at lines 300--300
[]|\OT1/ptm/m/n/10 degredation of as-
 []


Underfull \hbox (badness 10000) in paragraph at lines 300--300
\OT1/ptm/m/n/10 tro-cytic epoxye-
 []


Underfull \hbox (badness 10000) in paragraph at lines 300--300
\OT1/ptm/m/n/10 icosatrienoic acid
 []


Underfull \hbox (badness 1117) in paragraph at lines 301--301
\OT1/ptm/m/n/10 potas-sium (BK) chan-
 []


Overfull \hbox (12.73595pt too wide) in alignment at lines 280--302
 [] [] [] [] [] [] [] 
 []


Underfull \vbox (badness 10000) detected at line 302
 []


Underfull \hbox (badness 10000) in paragraph at lines 302--302
[]|[]\OT1/ptm/m/n/10 chlorine (Cl$[]$) flux
 []


Underfull \hbox (badness 2635) in paragraph at lines 307--307
[]|\OT1/ptm/m/n/10 TRPV4 chan-nel open
 []


Underfull \hbox (badness 2635) in paragraph at lines 308--308
[]|\OT1/ptm/m/n/10 TRPV4 chan-nel open
 []


Overfull \hbox (19.86163pt too wide) in paragraph at lines 310--311
[]|$[]$| 
 []


Underfull \hbox (badness 10000) in paragraph at lines 311--311
[]|[]\OT1/ptm/m/n/10 K$[]$ con-cen-tra-tion in
 []


Underfull \hbox (badness 1394) in paragraph at lines 311--311
\OT1/ptm/m/n/10 the perivas-cu-lar space
 []


Underfull \hbox (badness 4391) in paragraph at lines 311--312
[]|\OT1/ptm/m/n/10 possible rep-e-ti-tion of
 []


Underfull \hbox (badness 6725) in paragraph at lines 314--314
[]|\OT1/ptm/m/n/10 calcium ([]Ca$[]$) con-
 []


Underfull \hbox (badness 10000) in paragraph at lines 319--319
\OT1/ptm/m/n/10 smooth mus-cle cell
 []


Overfull \hbox (12.73595pt too wide) in alignment at lines 302--322
 [] [] [] [] [] [] [] 
 []

[3]
Underfull \hbox (badness 1365) in paragraph at lines 333--333
\OT1/ptm/m/n/10 of []Ca$[]$-activated []K$[]$
 []


Underfull \hbox (badness 1365) in paragraph at lines 334--334
\OT1/ptm/m/n/10 of []Ca$[]$-activated []K$[]$
 []


Underfull \hbox (badness 10000) in paragraph at lines 335--335
[]|\OT1/ptm/m/n/10 inositol trispho-s-phate
 []


Underfull \hbox (badness 1418) in paragraph at lines 335--335
\OT1/ptm/m/n/10 (IP3) con-cen-tra-tion in
 []


Overfull \hbox (23.32976pt too wide) in paragraph at lines 340--341
[]|$[][]$| 
 []


Overfull \hbox (12.73595pt too wide) in alignment at lines 322--342
 [] [] [] [] [] [] [] 
 []

[4]
Underfull \hbox (badness 6691) in paragraph at lines 342--342
[]|\OT1/ptm/m/n/10 Cytosolic []Ca$[]$ con-
 []


Underfull \hbox (badness 3525) in paragraph at lines 342--342
\OT1/ptm/m/n/10 cen-tra-tion in the en-
 []


Underfull \hbox (badness 6691) in paragraph at lines 343--343
[]|\OT1/ptm/m/n/10 Cytosolic []Ca$[]$ con-
 []


Underfull \hbox (badness 6691) in paragraph at lines 344--344
[]|\OT1/ptm/m/n/10 Cytosolic []Ca$[]$ con-
 []


Underfull \hbox (badness 6691) in paragraph at lines 345--345
[]|\OT1/ptm/m/n/10 Cytosolic []Ca$[]$ con-
 []


Underfull \hbox (badness 6691) in paragraph at lines 346--346
[]|\OT1/ptm/m/n/10 Cytosolic []Ca$[]$ con-
 []


Underfull \hbox (badness 10000) in paragraph at lines 346--346
\OT1/ptm/m/n/10 cen-tra-tion in the
 []


Underfull \hbox (badness 6691) in paragraph at lines 347--347
[]|\OT1/ptm/m/n/10 Cytosolic []Ca$[]$ con-
 []


Underfull \hbox (badness 6691) in paragraph at lines 348--348
[]|\OT1/ptm/m/n/10 Cytosolic []Ca$[]$ con-
 []


Underfull \hbox (badness 6691) in paragraph at lines 349--349
[]|\OT1/ptm/m/n/10 Cytosolic []Ca$[]$ con-
 []


Overfull \hbox (12.73595pt too wide) in alignment at lines 342--355
 [] [] [] [] [] [] [] 
 []

[5] [6]
Underfull \hbox (badness 10000) in paragraph at lines 360--360
[]|\OT1/ptm/m/n/10 Rctn
 []


Underfull \hbox (badness 2042) in paragraph at lines 370--370
[]|\OT1/ptm/m/n/10 flux of Ca2+ through the IP3R
 []


Underfull \hbox (badness 2111) in paragraph at lines 377--377
[]|\OT1/ptm/m/n/10 production of as-tro-cytic epoxye-
 []


Overfull \hbox (24.24774pt too wide) in alignment at lines 358--380
 [] [] [] [] 
 []


Underfull \vbox (badness 10000) detected at line 380
 []


Underfull \hbox (badness 10000) in paragraph at lines 390--390
[]|\OT1/ptm/m/n/10 K+ con-cen-tra-tion in the PVS
 []


Overfull \hbox (24.24774pt too wide) in alignment at lines 380--400
 [] [] [] [] 
 []


Underfull \hbox (badness 1642) in paragraph at lines 411--411
[]|\OT1/ptm/m/n/10 Open state prob-a-bil-ity of Ca2+-
 []


Underfull \hbox (badness 1642) in paragraph at lines 412--412
[]|\OT1/ptm/m/n/10 Open state prob-a-bil-ity of Ca2+-
 []


Overfull \hbox (24.24774pt too wide) in alignment at lines 400--420
 [] [] [] [] 
 []

[7]
Overfull \hbox (24.24774pt too wide) in alignment at lines 420--433
 [] [] [] [] 
 []

[8] [9]
Underfull \hbox (badness 10000) in paragraph at lines 468--468
[]|\OT1/ptm/m/n/10 Rctn
 []


Underfull \vbox (badness 10000) detected at line 488
 []


Underfull \hbox (badness 10000) in paragraph at lines 512--541
[]|\OT1/ptm/m/n/10 41
 []


Underfull \hbox (badness 10000) in paragraph at lines 512--541
\OT1/ptm/m/n/10 Cy-
 []


Underfull \hbox (badness 10000) in paragraph at lines 512--541
\OT1/ptm/m/n/10 toso-
 []


Underfull \hbox (badness 10000) in paragraph at lines 512--541
\OT1/ptm/m/n/10 lic
 []


Underfull \hbox (badness 10000) in paragraph at lines 512--541
\OT1/ptm/m/n/10 Ca2+
 []


Underfull \hbox (badness 10000) in paragraph at lines 512--541
\OT1/ptm/m/n/10 SMC
 []


Overfull \hbox (18.74051pt too wide) in paragraph at lines 512--541
\OT1/ptm/m/n/10 0.0116207
 []


Overfull \hbox (23.74051pt too wide) in paragraph at lines 512--541
\OT1/ptm/m/n/10 0.00582014
 []


Underfull \hbox (badness 10000) in paragraph at lines 512--541
\OT1/ptm/m/n/10 19
 []


Overfull \hbox (18.74051pt too wide) in paragraph at lines 512--541
\OT1/ptm/m/n/10 0.0125768
 []


Overfull \hbox (23.74051pt too wide) in paragraph at lines 512--541
\OT1/ptm/m/n/10 0.00589543
 []


Underfull \hbox (badness 10000) in paragraph at lines 512--541
\OT1/ptm/m/n/10 into
 []


Underfull \hbox (badness 10000) in paragraph at lines 512--541
\OT1/ptm/m/n/10 the
 []


Underfull \hbox (badness 10000) in paragraph at lines 512--541
\OT1/ptm/m/n/10 SC
 []


Underfull \hbox (badness 10000) in paragraph at lines 512--541
\OT1/ptm/m/n/10 based
 []


Underfull \hbox (badness 10000) in paragraph at lines 512--541
\OT1/ptm/m/n/10 on
 []


Underfull \hbox (badness 10000) in paragraph at lines 512--541
\OT1/ptm/m/n/10 the
 []


Underfull \hbox (badness 10000) in paragraph at lines 512--541
\OT1/ptm/m/n/10 ex-tra-
 []


Underfull \hbox (badness 10000) in paragraph at lines 512--541
\OT1/ptm/m/n/10 cel-
 []


Underfull \hbox (badness 10000) in paragraph at lines 512--541
\OT1/ptm/m/n/10 lu-lar
 []


Underfull \hbox (badness 10000) in paragraph at lines 512--541
\OT1/ptm/m/n/10 K+
 []


Overfull \hbox (18.74051pt too wide) in paragraph at lines 512--541
\OT1/ptm/m/n/10 0.0135393
 []


Overfull \hbox (23.74051pt too wide) in paragraph at lines 512--541
\OT1/ptm/m/n/10 0.00639256
 []


Underfull \hbox (badness 10000) in paragraph at lines 512--541
\OT1/ptm/m/n/10 39
 []


Underfull \hbox (badness 10000) in paragraph at lines 512--541
\OT1/ptm/m/n/10 Cy-
 []


Underfull \hbox (badness 10000) in paragraph at lines 512--541
\OT1/ptm/m/n/10 toso-
 []


Underfull \hbox (badness 10000) in paragraph at lines 512--541
\OT1/ptm/m/n/10 lic
 []


Underfull \hbox (badness 10000) in paragraph at lines 512--541
\OT1/ptm/m/n/10 Ca2+
 []


Underfull \hbox (badness 10000) in paragraph at lines 512--541
\OT1/ptm/m/n/10 SMC
 []


Overfull \hbox (18.74051pt too wide) in paragraph at lines 512--541
\OT1/ptm/m/n/10 0.0144208
 []


Overfull \hbox (23.74051pt too wide) in paragraph at lines 512--541
\OT1/ptm/m/n/10 0.00701218
 []


Underfull \hbox (badness 10000) in paragraph at lines 512--541
\OT1/ptm/m/n/10 47
 []


Overfull \hbox (0.68019pt too wide) in paragraph at lines 512--541
\OT1/ptm/m/n/10 Mem-
 []


Underfull \hbox (badness 10000) in paragraph at lines 512--541
\OT1/ptm/m/n/10 brane
 []


Underfull \hbox (badness 10000) in paragraph at lines 512--541
\OT1/ptm/m/n/10 po-
 []


Underfull \hbox (badness 10000) in paragraph at lines 512--541
\OT1/ptm/m/n/10 ten-
 []


Underfull \hbox (badness 10000) in paragraph at lines 512--541
\OT1/ptm/m/n/10 tial
 []


Underfull \hbox (badness 10000) in paragraph at lines 512--541
\OT1/ptm/m/n/10 SMC
 []


Overfull \hbox (18.74051pt too wide) in paragraph at lines 512--541
\OT1/ptm/m/n/10 0.0149869
 []


Overfull \hbox (23.74051pt too wide) in paragraph at lines 512--541
\OT1/ptm/m/n/10 0.00710705
 []


Underfull \hbox (badness 10000) in paragraph at lines 512--541
\OT1/ptm/m/n/10 50
 []


Underfull \hbox (badness 10000) in paragraph at lines 512--541
\OT1/ptm/m/n/10 Open
 []


Underfull \hbox (badness 10000) in paragraph at lines 512--541
\OT1/ptm/m/n/10 state
 []


Underfull \hbox (badness 10000) in paragraph at lines 512--541
\OT1/ptm/m/n/10 prob-
 []


Underfull \hbox (badness 10000) in paragraph at lines 512--541
\OT1/ptm/m/n/10 a-bil-
 []


Overfull \hbox (1.32022pt too wide) in paragraph at lines 512--541
\OT1/ptm/m/n/10 Ca2+-
 []


Overfull \hbox (11.83995pt too wide) in paragraph at lines 512--541
\OT1/ptm/m/n/10 activated
 []


Underfull \hbox (badness 10000) in paragraph at lines 512--541
\OT1/ptm/m/n/10 K+
 []


Underfull \hbox (badness 10000) in paragraph at lines 512--541
\OT1/ptm/m/n/10 chan-
 []


Underfull \hbox (badness 10000) in paragraph at lines 512--541
\OT1/ptm/m/n/10 nels
 []


Overfull \hbox (18.74051pt too wide) in paragraph at lines 512--541
\OT1/ptm/m/n/10 0.0149869
 []


Overfull \hbox (23.74051pt too wide) in paragraph at lines 512--541
\OT1/ptm/m/n/10 0.00710705
 []


Underfull \hbox (badness 10000) in paragraph at lines 512--541
\OT1/ptm/m/n/10 58
 []


Underfull \hbox (badness 10000) in paragraph at lines 512--541
\OT1/ptm/m/n/10 20-
 []


Overfull \hbox (1.79044pt too wide) in paragraph at lines 512--541
\OT1/ptm/m/n/10 HETE
 []


Underfull \hbox (badness 10000) in paragraph at lines 512--541
\OT1/ptm/m/n/10 SMC
 []


Overfull \hbox (18.74051pt too wide) in paragraph at lines 512--541
\OT1/ptm/m/n/10 0.0149869
 []


Overfull \hbox (23.74051pt too wide) in paragraph at lines 512--541
\OT1/ptm/m/n/10 0.00710705
 []


Underfull \hbox (badness 10000) in paragraph at lines 512--541
\OT1/ptm/m/n/10 62
 []


Underfull \hbox (badness 10000) in paragraph at lines 512--541
\OT1/ptm/m/n/10 Cy-
 []


Underfull \hbox (badness 10000) in paragraph at lines 512--541
\OT1/ptm/m/n/10 toso-
 []


Underfull \hbox (badness 10000) in paragraph at lines 512--541
\OT1/ptm/m/n/10 lic
 []


Underfull \hbox (badness 10000) in paragraph at lines 512--541
\OT1/ptm/m/n/10 Ca2+
 []


Underfull \hbox (badness 10000) in paragraph at lines 512--541
\OT1/ptm/m/n/10 con-
 []


Underfull \hbox (badness 10000) in paragraph at lines 512--541
\OT1/ptm/m/n/10 cen-
 []


Underfull \hbox (badness 10000) in paragraph at lines 512--541
\OT1/ptm/m/n/10 tra-
 []


Underfull \hbox (badness 10000) in paragraph at lines 512--541
\OT1/ptm/m/n/10 tion
 []


Underfull \hbox (badness 10000) in paragraph at lines 512--541
\OT1/ptm/m/n/10 EC
 []


Overfull \hbox (18.74051pt too wide) in paragraph at lines 512--541
\OT1/ptm/m/n/10 0.0155095
 []


Overfull \hbox (23.74051pt too wide) in paragraph at lines 512--541
\OT1/ptm/m/n/10 0.00716025
 []


Underfull \hbox (badness 10000) in paragraph at lines 512--541
\OT1/ptm/m/n/10 6
 []


Underfull \hbox (badness 10000) in paragraph at lines 512--541
\OT1/ptm/m/n/10 Na+
 []


Underfull \hbox (badness 10000) in paragraph at lines 512--541
\OT1/ptm/m/n/10 flux
 []


Overfull \hbox (7.35036pt too wide) in paragraph at lines 512--541
\OT1/ptm/m/n/10 through
 []


Underfull \hbox (badness 10000) in paragraph at lines 512--541
\OT1/ptm/m/n/10 the
 []


Underfull \hbox (badness 10000) in paragraph at lines 512--541
\OT1/ptm/m/n/10 Na+
 []


Underfull \hbox (badness 10000) in paragraph at lines 512--541
\OT1/ptm/m/n/10 chan-
 []


Underfull \hbox (badness 10000) in paragraph at lines 512--541
\OT1/ptm/m/n/10 nel
 []


Overfull \hbox (13.74051pt too wide) in paragraph at lines 512--541
\OT1/ptm/m/n/10 0.017721
 []


Overfull \hbox (18.74051pt too wide) in paragraph at lines 512--541
\OT1/ptm/m/n/10 0.0073648
 []


Underfull \hbox (badness 10000) in paragraph at lines 512--541
\OT1/ptm/m/n/10 28
 []


Underfull \hbox (badness 10000) in paragraph at lines 512--541
\OT1/ptm/m/n/10 K+
 []


Underfull \hbox (badness 10000) in paragraph at lines 512--541
\OT1/ptm/m/n/10 con-
 []


Underfull \hbox (badness 10000) in paragraph at lines 512--541
\OT1/ptm/m/n/10 cen-
 []


Underfull \hbox (badness 10000) in paragraph at lines 512--541
\OT1/ptm/m/n/10 tra-
 []


Underfull \hbox (badness 10000) in paragraph at lines 512--541
\OT1/ptm/m/n/10 tion
 []


Overfull \hbox (7.95009pt too wide) in paragraph at lines 512--541
\OT1/ptm/m/n/10 perivas-
 []


Underfull \hbox (badness 10000) in paragraph at lines 512--541
\OT1/ptm/m/n/10 cu-lar
 []


Underfull \hbox (badness 10000) in paragraph at lines 512--541
\OT1/ptm/m/n/10 space
 []


Overfull \hbox (1.24026pt too wide) in paragraph at lines 512--541
\OT1/ptm/m/n/10 (PVS)
 []


Overfull \hbox (18.74051pt too wide) in paragraph at lines 512--541
\OT1/ptm/m/n/10 0.0191541
 []


Overfull \hbox (23.74051pt too wide) in paragraph at lines 512--541
\OT1/ptm/m/n/10 0.00773728
 []


Underfull \hbox (badness 10000) in paragraph at lines 512--541
\OT1/ptm/m/n/10 18
 []


Overfull \hbox (18.74051pt too wide) in paragraph at lines 512--541
\OT1/ptm/m/n/10 0.0191554
 []


Overfull \hbox (18.74051pt too wide) in paragraph at lines 512--541
\OT1/ptm/m/n/10 0.0077376
 []


Underfull \hbox (badness 10000) in paragraph at lines 512--541
\OT1/ptm/m/n/10 20
 []


Overfull \hbox (18.74051pt too wide) in paragraph at lines 512--541
\OT1/ptm/m/n/10 0.0191554
 []


Overfull \hbox (23.74051pt too wide) in paragraph at lines 512--541
\OT1/ptm/m/n/10 0.00773761
 []


Underfull \hbox (badness 10000) in paragraph at lines 512--541
\OT1/ptm/m/n/10 48
 []


Overfull \hbox (0.68019pt too wide) in paragraph at lines 512--541
\OT1/ptm/m/n/10 Mem-
 []


Underfull \hbox (badness 10000) in paragraph at lines 512--541
\OT1/ptm/m/n/10 brane
 []


Underfull \hbox (badness 10000) in paragraph at lines 512--541
\OT1/ptm/m/n/10 po-
 []


Underfull \hbox (badness 10000) in paragraph at lines 512--541
\OT1/ptm/m/n/10 ten-
 []


Underfull \hbox (badness 10000) in paragraph at lines 512--541
\OT1/ptm/m/n/10 tial
 []


Underfull \hbox (badness 10000) in paragraph at lines 512--541
\OT1/ptm/m/n/10 SMC
 []


Overfull \hbox (18.74051pt too wide) in paragraph at lines 512--541
\OT1/ptm/m/n/10 0.0199942
 []


Overfull \hbox (23.74051pt too wide) in paragraph at lines 512--541
\OT1/ptm/m/n/10 0.00790603
 []


Underfull \hbox (badness 10000) in paragraph at lines 512--541
\OT1/ptm/m/n/10 51
 []


Underfull \hbox (badness 10000) in paragraph at lines 512--541
\OT1/ptm/m/n/10 Open
 []


Underfull \hbox (badness 10000) in paragraph at lines 512--541
\OT1/ptm/m/n/10 state
 []


Underfull \hbox (badness 10000) in paragraph at lines 512--541
\OT1/ptm/m/n/10 prob-
 []


Underfull \hbox (badness 10000) in paragraph at lines 512--541
\OT1/ptm/m/n/10 a-bil-
 []


Overfull \hbox (1.32022pt too wide) in paragraph at lines 512--541
\OT1/ptm/m/n/10 Ca2+-
 []


Overfull \hbox (11.83995pt too wide) in paragraph at lines 512--541
\OT1/ptm/m/n/10 activated
 []


Underfull \hbox (badness 10000) in paragraph at lines 512--541
\OT1/ptm/m/n/10 K+
 []


Underfull \hbox (badness 10000) in paragraph at lines 512--541
\OT1/ptm/m/n/10 chan-
 []


Underfull \hbox (badness 10000) in paragraph at lines 512--541
\OT1/ptm/m/n/10 nels
 []


Overfull \hbox (18.74051pt too wide) in paragraph at lines 512--541
\OT1/ptm/m/n/10 0.0190485
 []


Overfull \hbox (23.74051pt too wide) in paragraph at lines 512--541
\OT1/ptm/m/n/10 0.00847316
 []


Underfull \hbox (badness 10000) in paragraph at lines 512--541
\OT1/ptm/m/n/10 of
 []


Underfull \hbox (badness 10000) in paragraph at lines 512--541
\OT1/ptm/m/n/10 Ca2+
 []


Overfull \hbox (7.35036pt too wide) in paragraph at lines 512--541
\OT1/ptm/m/n/10 through
 []


Underfull \hbox (badness 10000) in paragraph at lines 512--541
\OT1/ptm/m/n/10 the
 []


Underfull \hbox (badness 10000) in paragraph at lines 512--541
\OT1/ptm/m/n/10 IP3R
 []


Underfull \hbox (badness 10000) in paragraph at lines 512--541
\OT1/ptm/m/n/10 chan-
 []


Underfull \hbox (badness 10000) in paragraph at lines 512--541
\OT1/ptm/m/n/10 nel
 []


Overfull \hbox (13.74051pt too wide) in paragraph at lines 512--541
\OT1/ptm/m/n/10 0.029407
 []


Overfull \hbox (18.74051pt too wide) in paragraph at lines 512--541
\OT1/ptm/m/n/10 0.0101798
 []


Underfull \hbox (badness 10000) in paragraph at lines 512--541
\OT1/ptm/m/n/10 14
 []


Underfull \hbox (badness 10000) in paragraph at lines 512--541
\OT1/ptm/m/n/10 rate
 []


Underfull \hbox (badness 10000) in paragraph at lines 512--541
\OT1/ptm/m/n/10 of
 []


Underfull \hbox (badness 10000) in paragraph at lines 512--541
\OT1/ptm/m/n/10 IP3
 []


Underfull \hbox (badness 10000) in paragraph at lines 512--541
\OT1/ptm/m/n/10 pro-
 []


Underfull \hbox (badness 10000) in paragraph at lines 512--541
\OT1/ptm/m/n/10 duc-
 []


Underfull \hbox (badness 10000) in paragraph at lines 512--541
\OT1/ptm/m/n/10 tion
 []


Underfull \hbox (badness 10000) in paragraph at lines 512--541
\OT1/ptm/m/n/10 in
 []


Underfull \hbox (badness 10000) in paragraph at lines 512--541
\OT1/ptm/m/n/10 as-tro-
 []


Underfull \hbox (badness 10000) in paragraph at lines 512--541
\OT1/ptm/m/n/10 cyte
 []


Underfull \hbox (badness 10000) in paragraph at lines 512--541
\OT1/ptm/m/n/10 due
 []


Underfull \hbox (badness 10000) in paragraph at lines 512--541
\OT1/ptm/m/n/10 to
 []


Underfull \hbox (badness 10000) in paragraph at lines 512--541
\OT1/ptm/m/n/10 glu-ta-
 []


Underfull \hbox (badness 10000) in paragraph at lines 512--541
\OT1/ptm/m/n/10 mate
 []


Underfull \hbox (badness 10000) in paragraph at lines 512--541
\OT1/ptm/m/n/10 re-
 []


Underfull \hbox (badness 10000) in paragraph at lines 512--541
\OT1/ptm/m/n/10 cep-
 []


Underfull \hbox (badness 10000) in paragraph at lines 512--541
\OT1/ptm/m/n/10 tors
 []


Overfull \hbox (13.74051pt too wide) in paragraph at lines 512--541
\OT1/ptm/m/n/10 0.029407
 []


Overfull \hbox (18.74051pt too wide) in paragraph at lines 512--541
\OT1/ptm/m/n/10 0.0101798
 []


Underfull \hbox (badness 10000) in paragraph at lines 512--541
\OT1/ptm/m/n/10 22
 []


Underfull \hbox (badness 10000) in paragraph at lines 512--541
\OT1/ptm/m/n/10 in-ac-
 []


Underfull \hbox (badness 10000) in paragraph at lines 512--541
\OT1/ptm/m/n/10 ti-va-
 []


Underfull \hbox (badness 10000) in paragraph at lines 512--541
\OT1/ptm/m/n/10 tion
 []


Underfull \hbox (badness 10000) in paragraph at lines 512--541
\OT1/ptm/m/n/10 vari-
 []


Underfull \hbox (badness 10000) in paragraph at lines 512--541
\OT1/ptm/m/n/10 able
 []


Underfull \hbox (badness 10000) in paragraph at lines 512--541
\OT1/ptm/m/n/10 the
 []


Underfull \hbox (badness 10000) in paragraph at lines 512--541
\OT1/ptm/m/n/10 as-tro-
 []


Underfull \hbox (badness 10000) in paragraph at lines 512--541
\OT1/ptm/m/n/10 cytic
 []


Underfull \hbox (badness 10000) in paragraph at lines 512--541
\OT1/ptm/m/n/10 IP3R
 []


Underfull \hbox (badness 10000) in paragraph at lines 512--541
\OT1/ptm/m/n/10 chan-
 []


Underfull \hbox (badness 10000) in paragraph at lines 512--541
\OT1/ptm/m/n/10 nel
 []


Overfull \hbox (13.74051pt too wide) in paragraph at lines 512--541
\OT1/ptm/m/n/10 0.029407
 []


Overfull \hbox (18.74051pt too wide) in paragraph at lines 512--541
\OT1/ptm/m/n/10 0.0101798
 []


Underfull \hbox (badness 10000) in paragraph at lines 512--541
\OT1/ptm/m/n/10 55
 []


Overfull \hbox (6.78017pt too wide) in paragraph at lines 512--541
\OT1/ptm/m/n/10 Arachi-
 []


Underfull \hbox (badness 10000) in paragraph at lines 512--541
\OT1/ptm/m/n/10 donic
 []


Underfull \hbox (badness 10000) in paragraph at lines 512--541
\OT1/ptm/m/n/10 acid
 []


Underfull \hbox (badness 10000) in paragraph at lines 512--541
\OT1/ptm/m/n/10 SMC
 []


Overfull \hbox (8.74051pt too wide) in paragraph at lines 512--541
\OT1/ptm/m/n/10 5.60641
 []


Overfull \hbox (8.74051pt too wide) in paragraph at lines 512--541
\OT1/ptm/m/n/10 0.82813
 []


Underfull \hbox (badness 10000) in paragraph at lines 512--541
\OT1/ptm/m/n/10 1
 []


Overfull \hbox (0.68019pt too wide) in paragraph at lines 512--541
\OT1/ptm/m/n/10 potas-
 []


Underfull \hbox (badness 10000) in paragraph at lines 512--541
\OT1/ptm/m/n/10 sium
 []


Underfull \hbox (badness 10000) in paragraph at lines 512--541
\OT1/ptm/m/n/10 (K+)
 []


Underfull \hbox (badness 10000) in paragraph at lines 512--541
\OT1/ptm/m/n/10 chan-
 []


Underfull \hbox (badness 10000) in paragraph at lines 512--541
\OT1/ptm/m/n/10 nel
 []


Underfull \hbox (badness 10000) in paragraph at lines 512--541
\OT1/ptm/m/n/10 NaN
 []


Underfull \hbox (badness 10000) in paragraph at lines 512--541
\OT1/ptm/m/n/10 NaN
 []


Underfull \hbox (badness 1163) in paragraph at lines 512--541
\OT1/ptm/m/n/10 2 K+
 []


Overfull \hbox (5.69019pt too wide) in paragraph at lines 512--541
\OT1/ptm/m/n/10 sodium
 []


Overfull \hbox (3.53018pt too wide) in paragraph at lines 512--541
\OT1/ptm/m/n/10 (Na+)-
 []


Overfull \hbox (6.64027pt too wide) in paragraph at lines 512--541
\OT1/ptm/m/n/10 ATPase
 []


Underfull \hbox (badness 10000) in paragraph at lines 512--541
\OT1/ptm/m/n/10 pump
 []


Underfull \hbox (badness 10000) in paragraph at lines 512--541
\OT1/ptm/m/n/10 NaN
 []


Underfull \hbox (badness 10000) in paragraph at lines 512--541
\OT1/ptm/m/n/10 NaN
 []


Underfull \hbox (badness 10000) in paragraph at lines 512--541
\OT1/ptm/m/n/10 into
 []


Underfull \hbox (badness 10000) in paragraph at lines 512--541
\OT1/ptm/m/n/10 the
 []


Underfull \hbox (badness 10000) in paragraph at lines 512--541
\OT1/ptm/m/n/10 SC
 []


Underfull \hbox (badness 10000) in paragraph at lines 512--541
\OT1/ptm/m/n/10 based
 []


Underfull \hbox (badness 10000) in paragraph at lines 512--541
\OT1/ptm/m/n/10 on
 []


Underfull \hbox (badness 10000) in paragraph at lines 512--541
\OT1/ptm/m/n/10 the
 []


Underfull \hbox (badness 10000) in paragraph at lines 512--541
\OT1/ptm/m/n/10 ex-tra-
 []


Underfull \hbox (badness 10000) in paragraph at lines 512--541
\OT1/ptm/m/n/10 cel-
 []


Underfull \hbox (badness 10000) in paragraph at lines 512--541
\OT1/ptm/m/n/10 lu-lar
 []


Overfull \hbox (4.01028pt too wide) in paragraph at lines 512--541
\OT1/ptm/m/n/10 JKNE-
 []


Underfull \hbox (badness 10000) in paragraph at lines 512--541
\OT1/ptm/m/n/10 toSC
 []


Underfull \hbox (badness 10000) in paragraph at lines 512--541
\OT1/ptm/m/n/10 NaN
 []


Underfull \hbox (badness 10000) in paragraph at lines 512--541
\OT1/ptm/m/n/10 NaN
 []


Underfull \hbox (badness 10000) in paragraph at lines 512--541
\OT1/ptm/m/n/10 21
 []


Underfull \hbox (badness 10000) in paragraph at lines 512--541
\OT1/ptm/m/n/10 NaN
 []


Underfull \hbox (badness 10000) in paragraph at lines 512--541
\OT1/ptm/m/n/10 NaN
 []


Underfull \hbox (badness 10000) in paragraph at lines 512--541
\OT1/ptm/m/n/10 31
 []


Underfull \hbox (badness 10000) in paragraph at lines 512--541
\OT1/ptm/m/n/10 cal-
 []


Underfull \hbox (badness 10000) in paragraph at lines 512--541
\OT1/ptm/m/n/10 cium
 []


Overfull \hbox (4.65018pt too wide) in paragraph at lines 512--541
\OT1/ptm/m/n/10 (Ca2+)
 []


Underfull \hbox (badness 10000) in paragraph at lines 512--541
\OT1/ptm/m/n/10 con-
 []


Underfull \hbox (badness 10000) in paragraph at lines 512--541
\OT1/ptm/m/n/10 cen-
 []


Underfull \hbox (badness 10000) in paragraph at lines 512--541
\OT1/ptm/m/n/10 tra-
 []


Underfull \hbox (badness 10000) in paragraph at lines 512--541
\OT1/ptm/m/n/10 tion
 []


Underfull \hbox (badness 10000) in paragraph at lines 512--541
\OT1/ptm/m/n/10 PVS
 []


Underfull \hbox (badness 10000) in paragraph at lines 512--541
\OT1/ptm/m/n/10 NaN
 []


Underfull \hbox (badness 10000) in paragraph at lines 512--541
\OT1/ptm/m/n/10 NaN
 []


Underfull \hbox (badness 10000) in paragraph at lines 512--541
\OT1/ptm/m/n/10 33
 []


Underfull \hbox (badness 10000) in paragraph at lines 512--541
\OT1/ptm/m/n/10 Ca2+
 []


Underfull \hbox (badness 10000) in paragraph at lines 512--541
\OT1/ptm/m/n/10 con-
 []


Underfull \hbox (badness 10000) in paragraph at lines 512--541
\OT1/ptm/m/n/10 cen-
 []


Underfull \hbox (badness 10000) in paragraph at lines 512--541
\OT1/ptm/m/n/10 tra-
 []


Underfull \hbox (badness 10000) in paragraph at lines 512--541
\OT1/ptm/m/n/10 tion
 []


Underfull \hbox (badness 10000) in paragraph at lines 512--541
\OT1/ptm/m/n/10 PVS
 []


Underfull \hbox (badness 10000) in paragraph at lines 512--541
\OT1/ptm/m/n/10 NaN
 []


Underfull \hbox (badness 10000) in paragraph at lines 512--541
\OT1/ptm/m/n/10 NaN
 []


Underfull \hbox (badness 10000) in paragraph at lines 512--541
\OT1/ptm/m/n/10 40
 []


Underfull \hbox (badness 10000) in paragraph at lines 512--541
\OT1/ptm/m/n/10 Cy-
 []


Underfull \hbox (badness 10000) in paragraph at lines 512--541
\OT1/ptm/m/n/10 toso-
 []


Underfull \hbox (badness 10000) in paragraph at lines 512--541
\OT1/ptm/m/n/10 lic
 []


Underfull \hbox (badness 10000) in paragraph at lines 512--541
\OT1/ptm/m/n/10 Ca2+
 []


Underfull \hbox (badness 10000) in paragraph at lines 512--541
\OT1/ptm/m/n/10 SMC
 []


Underfull \hbox (badness 10000) in paragraph at lines 512--541
\OT1/ptm/m/n/10 NaN
 []


Underfull \hbox (badness 10000) in paragraph at lines 512--541
\OT1/ptm/m/n/10 NaN
 []


Underfull \hbox (badness 10000) in paragraph at lines 512--541
\OT1/ptm/m/n/10 45
 []


Overfull \hbox (0.68019pt too wide) in paragraph at lines 512--541
\OT1/ptm/m/n/10 Mem-
 []


Underfull \hbox (badness 10000) in paragraph at lines 512--541
\OT1/ptm/m/n/10 brane
 []


Underfull \hbox (badness 10000) in paragraph at lines 512--541
\OT1/ptm/m/n/10 po-
 []


Underfull \hbox (badness 10000) in paragraph at lines 512--541
\OT1/ptm/m/n/10 ten-
 []


Underfull \hbox (badness 10000) in paragraph at lines 512--541
\OT1/ptm/m/n/10 tial
 []


Underfull \hbox (badness 10000) in paragraph at lines 512--541
\OT1/ptm/m/n/10 SMC
 []


Underfull \hbox (badness 10000) in paragraph at lines 512--541
\OT1/ptm/m/n/10 NaN
 []


Underfull \hbox (badness 10000) in paragraph at lines 512--541
\OT1/ptm/m/n/10 NaN
 []


Underfull \hbox (badness 10000) in paragraph at lines 512--541
\OT1/ptm/m/n/10 os-i-tol
 []


Overfull \hbox (7.3501pt too wide) in paragraph at lines 512--541
\OT1/ptm/m/n/10 trispho-
 []


Underfull \hbox (badness 10000) in paragraph at lines 512--541
\OT1/ptm/m/n/10 s-
 []


Underfull \hbox (badness 10000) in paragraph at lines 512--541
\OT1/ptm/m/n/10 phate
 []


Underfull \hbox (badness 10000) in paragraph at lines 512--541
\OT1/ptm/m/n/10 (IP3)
 []


Underfull \hbox (badness 10000) in paragraph at lines 512--541
\OT1/ptm/m/n/10 con-
 []


Underfull \hbox (badness 10000) in paragraph at lines 512--541
\OT1/ptm/m/n/10 cen-
 []


Underfull \hbox (badness 10000) in paragraph at lines 512--541
\OT1/ptm/m/n/10 tra-
 []


Underfull \hbox (badness 10000) in paragraph at lines 512--541
\OT1/ptm/m/n/10 tion
 []


Underfull \hbox (badness 10000) in paragraph at lines 512--541
\OT1/ptm/m/n/10 SMC
 []


Underfull \hbox (badness 10000) in paragraph at lines 512--541
\OT1/ptm/m/n/10 NaN
 []


Underfull \hbox (badness 10000) in paragraph at lines 512--541
\OT1/ptm/m/n/10 NaN
 []


Underfull \hbox (badness 10000) in paragraph at lines 512--541
\OT1/ptm/m/n/10 70
 []


Underfull \hbox (badness 10000) in paragraph at lines 512--541
\OT1/ptm/m/n/10 IP3
 []


Underfull \hbox (badness 10000) in paragraph at lines 512--541
\OT1/ptm/m/n/10 con-
 []


Underfull \hbox (badness 10000) in paragraph at lines 512--541
\OT1/ptm/m/n/10 cen-
 []


Underfull \hbox (badness 10000) in paragraph at lines 512--541
\OT1/ptm/m/n/10 tra-
 []


Underfull \hbox (badness 10000) in paragraph at lines 512--541
\OT1/ptm/m/n/10 tion
 []


Underfull \hbox (badness 10000) in paragraph at lines 512--541
\OT1/ptm/m/n/10 EC
 []


Underfull \hbox (badness 10000) in paragraph at lines 512--541
\OT1/ptm/m/n/10 NaN
 []

[10] [11]
Overfull \vbox (3372.74994pt too high) has occurred while \output is active []


[12]

Package glossaries Warning: No \printglossary or \printglossaries found. 
(Remove \makeglossaries if you don't want any glossaries.) 
This document will not have a glossary.

(Reaction_List.aux)
Package rerunfilecheck Info: File `Reaction_List.out' has not changed.
(rerunfilecheck)             Checksum: 44E540525B11F9A53F9D2008217FD767;167.
 ) 
Here is how much of TeX's memory you used:
 29353 strings out of 479618
 556060 string characters out of 2865026
 908943 words of memory out of 3000000
 45958 multiletter control sequences out of 15000+200000
 423242 words of font info for 79 fonts, out of 3000000 for 9000
 1141 hyphenation exceptions out of 8191
 128i,10n,130p,1204b,832s stack positions out of 5000i,500n,10000p,200000b,50000s
{C:/Users/Robin/AppData/Local/Programs/MiKTeX/fonts/enc/dvips/base/8r.enc}<C:
/Users/Robin/AppData/Local/Programs/MiKTeX/fonts/type1/public/amsfonts/cm/cmex1
0.pfb><C:/Users/Robin/AppData/Local/Programs/MiKTeX/fonts/type1/public/amsfonts
/cm/cmmi10.pfb><C:/Users/Robin/AppData/Local/Programs/MiKTeX/fonts/type1/public
/amsfonts/cm/cmmi5.pfb><C:/Users/Robin/AppData/Local/Programs/MiKTeX/fonts/type
1/public/amsfonts/cm/cmmi7.pfb><C:/Users/Robin/AppData/Local/Programs/MiKTeX/fo
nts/type1/public/amsfonts/cm/cmr10.pfb><C:/Users/Robin/AppData/Local/Programs/M
iKTeX/fonts/type1/public/amsfonts/cm/cmr5.pfb><C:/Users/Robin/AppData/Local/Pro
grams/MiKTeX/fonts/type1/public/amsfonts/cm/cmr7.pfb><C:/Users/Robin/AppData/Lo
cal/Programs/MiKTeX/fonts/type1/public/amsfonts/cm/cmsy10.pfb><C:/Users/Robin/A
ppData/Local/Programs/MiKTeX/fonts/type1/public/amsfonts/cm/cmsy5.pfb><C:/Users
/Robin/AppData/Local/Programs/MiKTeX/fonts/type1/public/amsfonts/cm/cmsy7.pfb><
C:/Users/Robin/AppData/Local/Programs/MiKTeX/fonts/type1/urw/times/utmb8a.pfb><
C:/Users/Robin/AppData/Local/Programs/MiKTeX/fonts/type1/urw/times/utmr8a.pfb>
Output written on Reaction_List.pdf (12 pages, 173028 bytes).
PDF statistics:
 144 PDF objects out of 1000 (max. 8388607)
 26 named destinations out of 1000 (max. 500000)
 37 words of extra memory for PDF output out of 10000 (max. 10000000)

